2025-06-01 10:33:02,335 INFO  - MaterializeWorkflowDescriptorActor [UUID(6210dc0f)]: Parsing workflow as WDL 1.0
2025-06-01 10:33:02,553 INFO  - MaterializeWorkflowDescriptorActor [UUID(6210dc0f)]: Call-to-Backend assignments: prsInteractivePipeline.createSummary -> Local
2025-06-01 10:33:02,621 WARN  - Local [UUID(6210dc0f)]: Key/s [memory, cpu] is/are not supported by backend. Unsupported attributes will not be part of job executions.
2025-06-01 10:33:04,716 INFO  - WorkflowExecutionActor-6210dc0f-1607-4fb0-83ff-80e78b783b7d [UUID(6210dc0f)]: Starting prsInteractivePipeline.createSummary
2025-06-01 10:33:14,625 WARN  - BackendPreparationActor_for_6210dc0f:prsInteractivePipeline.createSummary:-1:1 [UUID(6210dc0f)]: Docker lookup failed
java.lang.Exception: Unauthorized to get docker hash ukb-base:V1
	at cromwell.engine.workflow.WorkflowDockerLookupActor.cromwell$engine$workflow$WorkflowDockerLookupActor$$handleLookupFailure(WorkflowDockerLookupActor.scala:279)
	at cromwell.engine.workflow.WorkflowDockerLookupActor$$anonfun$3.applyOrElse(WorkflowDockerLookupActor.scala:93)
	at cromwell.engine.workflow.WorkflowDockerLookupActor$$anonfun$3.applyOrElse(WorkflowDockerLookupActor.scala:78)
	at scala.runtime.AbstractPartialFunction.apply(AbstractPartialFunction.scala:35)
	at akka.actor.FSM.processEvent(FSM.scala:707)
	at akka.actor.FSM.processEvent$(FSM.scala:704)
	at cromwell.engine.workflow.WorkflowDockerLookupActor.akka$actor$LoggingFSM$$super$processEvent(WorkflowDockerLookupActor.scala:45)
	at akka.actor.LoggingFSM.processEvent(FSM.scala:847)
	at akka.actor.LoggingFSM.processEvent$(FSM.scala:829)
	at cromwell.engine.workflow.WorkflowDockerLookupActor.processEvent(WorkflowDockerLookupActor.scala:45)
	at akka.actor.FSM.akka$actor$FSM$$processMsg(FSM.scala:701)
	at akka.actor.FSM$$anonfun$receive$1.applyOrElse(FSM.scala:695)
	at scala.runtime.AbstractPartialFunction.apply(AbstractPartialFunction.scala:35)
	at cromwell.docker.DockerClientHelper$$anonfun$dockerResponseReceive$1.applyOrElse(DockerClientHelper.scala:16)
	at scala.PartialFunction$OrElse.applyOrElse(PartialFunction.scala:269)
	at scala.PartialFunction$OrElse.applyOrElse(PartialFunction.scala:270)
	at akka.actor.Actor.aroundReceive(Actor.scala:539)
	at akka.actor.Actor.aroundReceive$(Actor.scala:537)
	at cromwell.engine.workflow.WorkflowDockerLookupActor.aroundReceive(WorkflowDockerLookupActor.scala:45)
	at akka.actor.ActorCell.receiveMessage(ActorCell.scala:614)
	at akka.actor.ActorCell.invoke(ActorCell.scala:583)
	at akka.dispatch.Mailbox.processMailbox(Mailbox.scala:268)
	at akka.dispatch.Mailbox.run(Mailbox.scala:229)
	at akka.dispatch.Mailbox.exec(Mailbox.scala:241)
	at akka.dispatch.forkjoin.ForkJoinTask.doExec(ForkJoinTask.java:260)
	at akka.dispatch.forkjoin.ForkJoinPool$WorkQueue.runTask(ForkJoinPool.java:1339)
	at akka.dispatch.forkjoin.ForkJoinPool.runWorker(ForkJoinPool.java:1979)
	at akka.dispatch.forkjoin.ForkJoinWorkerThread.run(ForkJoinWorkerThread.java:107)
2025-06-01 10:33:14,659 INFO  - 6210dc0f-1607-4fb0-83ff-80e78b783b7d-BackendJobExecutionActor-prsInteractivePipeline.createSummary:NA:1 [UUID(6210dc0f)prsInteractivePipeline.createSummary:NA:1]: AN-436 About to instantiate class
2025-06-01 10:33:14,663 WARN  - BackgroundConfigAsyncJobExecutionActor [UUID(6210dc0f)prsInteractivePipeline.createSummary:NA:1]: Unrecognized runtime attribute keys: cpu, memory
2025-06-01 10:33:14,708 INFO  - BackgroundConfigAsyncJobExecutionActor [UUID(6210dc0f)prsInteractivePipeline.createSummary:NA:1]: `set -e

echo "Processing phenotype: type2Diabetes"
echo "Using pheno string: type 2 diabetes"
echo "With icd10: E11"

# Debug information
echo "Current working directory: $(pwd)"
echo "Current user: $(whoami)"
ls -la . || true

# Create the summary file to capture time stamp, phenotype substring, and icd10 code
ts=$(date +%Y%m%d_%H%M%S)

# Create summary file in working directory
summaryFile="summary.txt"
touch "${summaryFile}"
echo "timestamp of analysis: ${ts}" >> "${summaryFile}"
echo "phenotype analyzed: type2Diabetes" >> "${summaryFile}"
echo "phenotype substring filtered in participant.csv: type 2 diabetes" >> "${summaryFile}"
echo "icd 10 code used to define phenotype: E11" >> "${summaryFile}"

# Verify file was created
echo "Summary file contents:"
cat "${summaryFile}"`
2025-06-01 10:33:14,727 INFO  - BackgroundConfigAsyncJobExecutionActor [UUID(6210dc0f)prsInteractivePipeline.createSummary:NA:1]: executing: docker run \
  --rm -i \
  --user root \
  --entrypoint /bin/bash \
  -v /Users/kerimulterer/prsInteractive/./cromwell-executions/prsInteractivePipeline/6210dc0f-1607-4fb0-83ff-80e78b783b7d/call-createSummary:/cromwell-executions/prsInteractivePipeline/6210dc0f-1607-4fb0-83ff-80e78b783b7d/call-createSummary \
  -v $PRS_INTERACTIVE_HOME:/prsInteractive \
  ukb-base:V1 /Users/kerimulterer/prsInteractive/./cromwell-executions/prsInteractivePipeline/6210dc0f-1607-4fb0-83ff-80e78b783b7d/call-createSummary/execution/script
2025-06-01 10:33:16,975 INFO  - BackgroundConfigAsyncJobExecutionActor [UUID(6210dc0f)prsInteractivePipeline.createSummary:NA:1]: job id: 17264
2025-06-01 10:33:16,977 INFO  - BackgroundConfigAsyncJobExecutionActor [UUID(6210dc0f)prsInteractivePipeline.createSummary:NA:1]: Status change from - to WaitingForReturnCode
2025-06-01 10:33:17,620 INFO  - BackgroundConfigAsyncJobExecutionActor [UUID(6210dc0f)prsInteractivePipeline.createSummary:NA:1]: Status change from WaitingForReturnCode to Done
2025-06-01 10:33:18,027 INFO  - $a [UUID(6210dc0f)]: Copying workflow logs from /Users/kerimulterer/prsInteractive/cromwell-workflow-logs/workflow.6210dc0f-1607-4fb0-83ff-80e78b783b7d.log to ./logs/workflow.6210dc0f-1607-4fb0-83ff-80e78b783b7d.log
