2025-06-03 10:12:16,232 INFO  - MaterializeWorkflowDescriptorActor [UUID(e19113f6)]: Parsing workflow as WDL 1.0
2025-06-03 10:12:16,457 INFO  - MaterializeWorkflowDescriptorActor [UUID(e19113f6)]: Call-to-Backend assignments: prsInteractivePipeline.createSummary -> Local
2025-06-03 10:12:16,525 WARN  - Local [UUID(e19113f6)]: Key/s [memory, cpu] is/are not supported by backend. Unsupported attributes will not be part of job executions.
2025-06-03 10:12:18,613 INFO  - WorkflowExecutionActor-e19113f6-fac5-4a4e-a92e-ffa47c07575d [UUID(e19113f6)]: Starting prsInteractivePipeline.createSummary
2025-06-03 10:12:28,555 WARN  - BackendPreparationActor_for_e19113f6:prsInteractivePipeline.createSummary:-1:1 [UUID(e19113f6)]: Docker lookup failed
java.lang.Exception: Unauthorized to get docker hash ukb-base:V1
	at cromwell.engine.workflow.WorkflowDockerLookupActor.cromwell$engine$workflow$WorkflowDockerLookupActor$$handleLookupFailure(WorkflowDockerLookupActor.scala:279)
	at cromwell.engine.workflow.WorkflowDockerLookupActor$$anonfun$3.applyOrElse(WorkflowDockerLookupActor.scala:93)
	at cromwell.engine.workflow.WorkflowDockerLookupActor$$anonfun$3.applyOrElse(WorkflowDockerLookupActor.scala:78)
	at scala.runtime.AbstractPartialFunction.apply(AbstractPartialFunction.scala:35)
	at akka.actor.FSM.processEvent(FSM.scala:707)
	at akka.actor.FSM.processEvent$(FSM.scala:704)
	at cromwell.engine.workflow.WorkflowDockerLookupActor.akka$actor$LoggingFSM$$super$processEvent(WorkflowDockerLookupActor.scala:45)
	at akka.actor.LoggingFSM.processEvent(FSM.scala:847)
	at akka.actor.LoggingFSM.processEvent$(FSM.scala:829)
	at cromwell.engine.workflow.WorkflowDockerLookupActor.processEvent(WorkflowDockerLookupActor.scala:45)
	at akka.actor.FSM.akka$actor$FSM$$processMsg(FSM.scala:701)
	at akka.actor.FSM$$anonfun$receive$1.applyOrElse(FSM.scala:695)
	at scala.runtime.AbstractPartialFunction.apply(AbstractPartialFunction.scala:35)
	at cromwell.docker.DockerClientHelper$$anonfun$dockerResponseReceive$1.applyOrElse(DockerClientHelper.scala:16)
	at scala.PartialFunction$OrElse.applyOrElse(PartialFunction.scala:269)
	at scala.PartialFunction$OrElse.applyOrElse(PartialFunction.scala:270)
	at akka.actor.Actor.aroundReceive(Actor.scala:539)
	at akka.actor.Actor.aroundReceive$(Actor.scala:537)
	at cromwell.engine.workflow.WorkflowDockerLookupActor.aroundReceive(WorkflowDockerLookupActor.scala:45)
	at akka.actor.ActorCell.receiveMessage(ActorCell.scala:614)
	at akka.actor.ActorCell.invoke(ActorCell.scala:583)
	at akka.dispatch.Mailbox.processMailbox(Mailbox.scala:268)
	at akka.dispatch.Mailbox.run(Mailbox.scala:229)
	at akka.dispatch.Mailbox.exec(Mailbox.scala:241)
	at akka.dispatch.forkjoin.ForkJoinTask.doExec(ForkJoinTask.java:260)
	at akka.dispatch.forkjoin.ForkJoinPool$WorkQueue.runTask(ForkJoinPool.java:1339)
	at akka.dispatch.forkjoin.ForkJoinPool.runWorker(ForkJoinPool.java:1979)
	at akka.dispatch.forkjoin.ForkJoinWorkerThread.run(ForkJoinWorkerThread.java:107)
2025-06-03 10:12:28,589 INFO  - e19113f6-fac5-4a4e-a92e-ffa47c07575d-BackendJobExecutionActor-prsInteractivePipeline.createSummary:NA:1 [UUID(e19113f6)prsInteractivePipeline.createSummary:NA:1]: AN-436 About to instantiate class
2025-06-03 10:12:28,594 WARN  - BackgroundConfigAsyncJobExecutionActor [UUID(e19113f6)prsInteractivePipeline.createSummary:NA:1]: Unrecognized runtime attribute keys: cpu, memory
2025-06-03 10:12:28,636 INFO  - BackgroundConfigAsyncJobExecutionActor [UUID(e19113f6)prsInteractivePipeline.createSummary:NA:1]: `set -e

echo "Processing phenotype: type2Diabetes"
echo "Using pheno string: type 2 diabetes"
echo "With icd10: E11"

# Debug information
echo "Current working directory: $(pwd)"
echo "Current user: $(whoami)"
ls -la . || true

# Create the summary file to capture time stamp, phenotype substring, and icd10 code
ts=$(date +%Y%m%d_%H%M%S)


# Create summary file in working directory
summaryFile="summary.txt"
touch "${summaryFile}"
echo "timestamp of analysis: ${ts}" >> "${summaryFile}"
echo "phenotype analyzed: type2Diabetes" >> "${summaryFile}"
echo "phenotype substring filtered in participant.csv: type 2 diabetes" >> "${summaryFile}"
echo "icd 10 code used to define phenotype: E11" >> "${summaryFile}"
echo "user running workflow: $(whoami)" >> "${summaryFile}"

# Verify file was created
echo "Summary file contents:"
cat $summaryFile`
2025-06-03 10:12:28,653 INFO  - BackgroundConfigAsyncJobExecutionActor [UUID(e19113f6)prsInteractivePipeline.createSummary:NA:1]: executing: docker run \
  --rm -i \
  -v /Users/kerimulterer/prsInteractive/./cromwell-executions/prsInteractivePipeline/e19113f6-fac5-4a4e-a92e-ffa47c07575d/call-createSummary:/cromwell-executions/prsInteractivePipeline/e19113f6-fac5-4a4e-a92e-ffa47c07575d/call-createSummary \
  -v $PRS_INTERACTIVE_HOME:/prsInteractive \
  -w /cromwell-executions/prsInteractivePipeline/e19113f6-fac5-4a4e-a92e-ffa47c07575d/call-createSummary \
  ukb-base:V1 /bin/bash execution/script
2025-06-03 10:12:30,889 INFO  - BackgroundConfigAsyncJobExecutionActor [UUID(e19113f6)prsInteractivePipeline.createSummary:NA:1]: job id: 41511
2025-06-03 10:12:30,891 INFO  - BackgroundConfigAsyncJobExecutionActor [UUID(e19113f6)prsInteractivePipeline.createSummary:NA:1]: Status change from - to WaitingForReturnCode
2025-06-03 10:12:31,702 INFO  - BackgroundConfigAsyncJobExecutionActor [UUID(e19113f6)prsInteractivePipeline.createSummary:NA:1]: Status change from WaitingForReturnCode to Done
2025-06-03 10:12:31,887 INFO  - WorkflowExecutionActor-e19113f6-fac5-4a4e-a92e-ffa47c07575d [UUID(e19113f6)]: Workflow prsInteractivePipeline complete. Final Outputs:
{
  "prsInteractivePipeline.createSummary.summary_file": "/Users/kerimulterer/prsInteractive/./cromwell-executions/prsInteractivePipeline/e19113f6-fac5-4a4e-a92e-ffa47c07575d/call-createSummary/execution/summary.txt"
}
2025-06-03 10:12:31,915 INFO  - $a [UUID(e19113f6)]: Copying workflow logs from /Users/kerimulterer/prsInteractive/cromwell-workflow-logs/workflow.e19113f6-fac5-4a4e-a92e-ffa47c07575d.log to ./logs/workflow.e19113f6-fac5-4a4e-a92e-ffa47c07575d.log
